
Gurobi 8.1.1 (linux64, Python) logging started Sat Jul 20 13:00:07 2019

Academic license - for non-commercial use only
Warning: variable name "x[(7, 1),1]" has a space
Warning: to let Gurobi read it back, use rlp format

Gurobi 8.1.1 (linux64, Python) logging started Tue Jul 23 17:27:31 2019

Academic license - for non-commercial use only
Warning: variable name "x[(7, 1),1]" has a space
Warning: to let Gurobi read it back, use rlp format
Warning: variable name "x[(7, 1),1]" has a space
Warning: to let Gurobi read it back, use rlp format
Warning: variable name "x[(7, 1),1]" has a space
Warning: constraint name "CSTR12[(7, 1)]" has a space
Warning: to let Gurobi read it back, use rlp format
Warning: variable name "x[(7, 1),1]" has a space
Warning: constraint name "CSTR12[(7, 1)]" has a space
Warning: to let Gurobi read it back, use rlp format
Warning: variable name "x[(7, 1),1]" has a space
Warning: constraint name "CSTR12[(7, 1)]" has a space
Warning: to let Gurobi read it back, use rlp format
Warning: variable name "x[(7, 1),1]" has a space
Warning: constraint name "CSTR12[(7, 1)]" has a space
Warning: to let Gurobi read it back, use rlp format
Warning: variable name "x[(7, 1),1]" has a space
Warning: to let Gurobi read it back, use rlp format
Warning: variable name "x[(7, 1),1]" has a space
Warning: constraint name "CSTR12[(7, 1)]" has a space
Warning: to let Gurobi read it back, use rlp format
Warning: variable name "x[(7, 1),1]" has a space
Warning: constraint name "CSTR12[(7, 1)]" has a space
Warning: to let Gurobi read it back, use rlp format

Gurobi 8.1.1 (linux64, Python) logging started Wed Jul 24 12:24:40 2019

Academic license - for non-commercial use only
Warning: variable name "x[(7, 1),1]" has a space
Warning: to let Gurobi read it back, use rlp format
Warning: variable name "x[(7, 1),1]" has a space
Warning: linear constraint 0 and linear constraint 1 have the same name "CSTR13"
Warning: to let Gurobi read it back, use rlp format
Warning: variable name "x[(7, 1),1]" has a space
Warning: linear constraint 0 and linear constraint 1 have the same name "CSTR13"
Warning: to let Gurobi read it back, use rlp format
Warning: variable name "x[(7, 3),1]" has a space
Warning: to let Gurobi read it back, use rlp format
Warning: variable name "x[(7, 3),1]" has a space
Warning: constraint name "CSTR12[(7, 1)]" has a space
Warning: to let Gurobi read it back, use rlp format
Warning: variable name "x[(7, 3),1]" has a space
Warning: constraint name "CSTR12[(7, 1)]" has a space
Warning: to let Gurobi read it back, use rlp format

Gurobi 8.1.1 (linux64, Python) logging started Wed Jul 24 14:51:26 2019

Academic license - for non-commercial use only
Warning: variable name "x[(10, 1),1]" has a space
Warning: to let Gurobi read it back, use rlp format
Warning: variable name "x[(10, 1),1]" has a space
Warning: to let Gurobi read it back, use rlp format
Warning: variable name "x[(7, 1),1]" has a space
Warning: to let Gurobi read it back, use rlp format
Warning: variable name "x[(7, 1),1]" has a space
Warning: to let Gurobi read it back, use rlp format
Warning: variable name "x[(7, 1),1]" has a space
Warning: to let Gurobi read it back, use rlp format
Warning: variable name "x[(10, 1),1]" has a space
Warning: to let Gurobi read it back, use rlp format
Warning: variable name "x[(10, 1),1]" has a space
Warning: constraint name "CSTR12[(7, 1)]" has a space
Warning: to let Gurobi read it back, use rlp format
Warning: variable name "x[(10, 1),1]" has a space
Warning: constraint name "CSTR12[(7, 1)]" has a space
Warning: to let Gurobi read it back, use rlp format
Warning: variable name "x[(10, 1),1]" has a space
Warning: to let Gurobi read it back, use rlp format

Gurobi 8.1.1 (linux64, Python) logging started Thu Jul 25 15:46:49 2019

Academic license - for non-commercial use only
Warning: variable name "x[(7, 3),1]" has a space
Warning: to let Gurobi read it back, use rlp format
Warning: variable name "x[(7, 3),1]" has a space
Warning: constraint name "CSTR1[(7, 3)]" has a space
Warning: to let Gurobi read it back, use rlp format
Warning: variable name "x[(7, 3),1]" has a space
Warning: constraint name "CSTR1[(7, 3)]" has a space
Warning: to let Gurobi read it back, use rlp format
Warning: variable name "x[(7, 3),1]" has a space
Warning: constraint name "CSTR1[(7, 3)]" has a space
Warning: to let Gurobi read it back, use rlp format
Warning: variable name "x[(7, 3),1]" has a space
Warning: to let Gurobi read it back, use rlp format
Warning: variable name "x[(7, 3),1]" has a space
Warning: constraint name "CSTR1[(7, 3)]" has a space
Warning: to let Gurobi read it back, use rlp format
Warning: variable name "x[(7, 3),1]" has a space
Warning: constraint name "CSTR1[(7, 3)]" has a space
Warning: to let Gurobi read it back, use rlp format
Warning: variable name "x[(7, 3),1]" has a space
Warning: constraint name "CSTR1[(7, 3)]" has a space
Warning: to let Gurobi read it back, use rlp format
Warning: variable name "x[(7, 3),1]" has a space
Warning: to let Gurobi read it back, use rlp format
Warning: variable name "x[(7, 3),1]" has a space
Warning: constraint name "CSTR1[(7, 3)]" has a space
Warning: to let Gurobi read it back, use rlp format
Warning: variable name "x[(7, 3),1]" has a space
Warning: constraint name "CSTR1[(7, 3)]" has a space
Warning: to let Gurobi read it back, use rlp format
Warning: variable name "x[(7, 3),1]" has a space
Warning: constraint name "CSTR1[(7, 3)]" has a space
Warning: to let Gurobi read it back, use rlp format
Warning: variable name "x[(7, 3),1]" has a space
Warning: constraint name "CSTR1[(7, 3)]" has a space
Warning: to let Gurobi read it back, use rlp format
Warning: variable name "x[(7, 3),1]" has a space
Warning: to let Gurobi read it back, use rlp format
Warning: variable name "x[(7, 3),1]" has a space
Warning: constraint name "CSTR1[(7, 3)]" has a space
Warning: to let Gurobi read it back, use rlp format
Warning: variable name "x[(7, 3),1]" has a space
Warning: constraint name "CSTR1[(7, 3)]" has a space
Warning: to let Gurobi read it back, use rlp format
Warning: variable name "x[(7, 3),1]" has a space
Warning: constraint name "CSTR1[(7, 3)]" has a space
Warning: to let Gurobi read it back, use rlp format
Warning: variable name "x[(7, 3),1]" has a space
Warning: constraint name "CSTR1[(7, 3)]" has a space
Warning: to let Gurobi read it back, use rlp format
Warning: variable name "x[(7, 3),1]" has a space
Warning: constraint name "CSTR1[(7, 3)]" has a space
Warning: to let Gurobi read it back, use rlp format
Warning: variable name "x[(7, 3),1]" has a space
Warning: constraint name "CSTR1[(7, 3)]" has a space
Warning: to let Gurobi read it back, use rlp format
Warning: variable name "x[(7, 3),1]" has a space
Warning: constraint name "CSTR1[(7, 3)]" has a space
Warning: to let Gurobi read it back, use rlp format
Warning: variable name "x[(7, 3),1]" has a space
Warning: to let Gurobi read it back, use rlp format
Warning: variable name "x[(7, 3),1]" has a space
Warning: constraint name "CSTR1[(7, 3)]" has a space
Warning: to let Gurobi read it back, use rlp format
Warning: variable name "x[(7, 3),1]" has a space
Warning: constraint name "CSTR1[(7, 3)]" has a space
Warning: to let Gurobi read it back, use rlp format
Warning: variable name "x[(7, 3),1]" has a space
Warning: constraint name "CSTR1[(7, 3)]" has a space
Warning: to let Gurobi read it back, use rlp format
Warning: variable name "x[(7, 3),1]" has a space
Warning: constraint name "CSTR1[(7, 3)]" has a space
Warning: to let Gurobi read it back, use rlp format
Warning: variable name "x[(7, 3),1]" has a space
Warning: constraint name "CSTR1[(7, 3)]" has a space
Warning: to let Gurobi read it back, use rlp format
Warning: variable name "x[(7, 3),1]" has a space
Warning: constraint name "CSTR1[(7, 3)]" has a space
Warning: to let Gurobi read it back, use rlp format

Gurobi 8.1.1 (linux64, Python) logging started Thu Jul 25 19:13:50 2019

Academic license - for non-commercial use only
Warning: variable name "x[(7, 3),1]" has a space
Warning: to let Gurobi read it back, use rlp format
Warning: variable name "x[(7, 3),1]" has a space
Warning: constraint name "CSTR1[(7, 3)]" has a space
Warning: to let Gurobi read it back, use rlp format
Warning: variable name "x[(7, 3),1]" has a space
Warning: constraint name "CSTR1[(7, 3)]" has a space
Warning: to let Gurobi read it back, use rlp format
Warning: variable name "x[(7, 3),1]" has a space
Warning: constraint name "CSTR1[(7, 3)]" has a space
Warning: to let Gurobi read it back, use rlp format
Warning: variable name "x[(7, 3),1]" has a space
Warning: constraint name "CSTR1[(7, 3)]" has a space
Warning: to let Gurobi read it back, use rlp format
Warning: variable name "x[(7, 3),1]" has a space
Warning: constraint name "CSTR1[(7, 3)]" has a space
Warning: to let Gurobi read it back, use rlp format
Warning: variable name "x[(7, 3),1]" has a space
Warning: constraint name "CSTR1[(7, 3)]" has a space
Warning: to let Gurobi read it back, use rlp format
Warning: variable name "x[(7, 3),1]" has a space
Warning: constraint name "CSTR1[(7, 3)]" has a space
Warning: to let Gurobi read it back, use rlp format

Gurobi 8.1.1 (linux64, Python) logging started Thu Jul 25 19:23:11 2019

Academic license - for non-commercial use only
Warning: variable name "x[(11, 1),1]" has a space
Warning: to let Gurobi read it back, use rlp format
Warning: variable name "x[(11, 1),1]" has a space
Warning: constraint name "CSTR1[(11, 1)]" has a space
Warning: to let Gurobi read it back, use rlp format
Warning: variable name "x[(11, 1),1]" has a space
Warning: constraint name "CSTR1[(11, 1)]" has a space
Warning: to let Gurobi read it back, use rlp format
Warning: variable name "x[(11, 1),1]" has a space
Warning: constraint name "CSTR1[(11, 1)]" has a space
Warning: to let Gurobi read it back, use rlp format
Warning: variable name "x[(11, 1),1]" has a space
Warning: constraint name "CSTR1[(11, 1)]" has a space
Warning: to let Gurobi read it back, use rlp format
Warning: variable name "x[(11, 1),1]" has a space
Warning: constraint name "CSTR1[(11, 1)]" has a space
Warning: to let Gurobi read it back, use rlp format
Warning: variable name "x[(11, 1),1]" has a space
Warning: constraint name "CSTR1[(11, 1)]" has a space
Warning: to let Gurobi read it back, use rlp format
Warning: variable name "x[(11, 1),1]" has a space
Warning: constraint name "CSTR1[(11, 1)]" has a space
Warning: to let Gurobi read it back, use rlp format
Warning: variable name "x[(11, 1),1]" has a space
Warning: constraint name "CSTR1[(11, 1)]" has a space
Warning: to let Gurobi read it back, use rlp format

Gurobi 8.1.1 (linux64, Python) logging started Thu Jul 25 19:42:36 2019

Academic license - for non-commercial use only
Warning: variable name "x[(6, 1),1]" has a space
Warning: to let Gurobi read it back, use rlp format
Warning: variable name "x[(6, 1),1]" has a space
Warning: constraint name "CSTR1[(6, 1)]" has a space
Warning: to let Gurobi read it back, use rlp format
Warning: variable name "x[(6, 1),1]" has a space
Warning: constraint name "CSTR1[(6, 1)]" has a space
Warning: to let Gurobi read it back, use rlp format
Warning: variable name "x[(6, 1),1]" has a space
Warning: constraint name "CSTR1[(6, 1)]" has a space
Warning: to let Gurobi read it back, use rlp format
Warning: variable name "x[(6, 1),1]" has a space
Warning: constraint name "CSTR1[(6, 1)]" has a space
Warning: to let Gurobi read it back, use rlp format
Warning: variable name "x[(6, 1),1]" has a space
Warning: constraint name "CSTR1[(6, 1)]" has a space
Warning: to let Gurobi read it back, use rlp format
Warning: variable name "x[(6, 1),1]" has a space
Warning: constraint name "CSTR1[(6, 1)]" has a space
Warning: to let Gurobi read it back, use rlp format
Warning: variable name "x[(6, 1),1]" has a space
Warning: constraint name "CSTR1[(6, 1)]" has a space
Warning: to let Gurobi read it back, use rlp format
Warning: variable name "x[(6, 1),1]" has a space
Warning: constraint name "CSTR1[(6, 1)]" has a space
Warning: to let Gurobi read it back, use rlp format
Warning: variable name "x[(6, 1),1]" has a space
Warning: constraint name "CSTR1[(6, 1)]" has a space
Warning: to let Gurobi read it back, use rlp format
Warning: variable name "x[(6, 1),1]" has a space
Warning: constraint name "CSTR1[(6, 1)]" has a space
Warning: to let Gurobi read it back, use rlp format

Gurobi 8.1.1 (linux64, Python) logging started Thu Jul 25 19:58:45 2019

Academic license - for non-commercial use only
Warning: variable name "x[(7, 2),1]" has a space
Warning: to let Gurobi read it back, use rlp format
Warning: variable name "x[(7, 2),1]" has a space
Warning: constraint name "CSTR1[(7, 2)]" has a space
Warning: to let Gurobi read it back, use rlp format
Warning: variable name "x[(7, 2),1]" has a space
Warning: constraint name "CSTR1[(7, 2)]" has a space
Warning: to let Gurobi read it back, use rlp format
Warning: variable name "x[(7, 2),1]" has a space
Warning: constraint name "CSTR1[(7, 2)]" has a space
Warning: to let Gurobi read it back, use rlp format
Warning: variable name "x[(7, 2),1]" has a space
Warning: constraint name "CSTR1[(7, 2)]" has a space
Warning: to let Gurobi read it back, use rlp format
Warning: variable name "x[(7, 2),1]" has a space
Warning: constraint name "CSTR1[(7, 2)]" has a space
Warning: to let Gurobi read it back, use rlp format
Warning: variable name "x[(7, 2),1]" has a space
Warning: constraint name "CSTR1[(7, 2)]" has a space
Warning: to let Gurobi read it back, use rlp format
Warning: variable name "x[(7, 2),1]" has a space
Warning: constraint name "CSTR1[(7, 2)]" has a space
Warning: to let Gurobi read it back, use rlp format
Warning: variable name "x[(7, 2),1]" has a space
Warning: constraint name "CSTR1[(7, 2)]" has a space
Warning: to let Gurobi read it back, use rlp format
Warning: variable name "x[(7, 2),1]" has a space
Warning: constraint name "CSTR1[(7, 2)]" has a space
Warning: to let Gurobi read it back, use rlp format
Warning: variable name "x[(7, 2),1]" has a space
Warning: constraint name "CSTR1[(7, 2)]" has a space
Warning: to let Gurobi read it back, use rlp format

Gurobi 8.1.1 (linux64, Python) logging started Thu Jul 25 20:13:15 2019

Academic license - for non-commercial use only
Warning: variable name "x[(7, 1),1]" has a space
Warning: to let Gurobi read it back, use rlp format
Warning: variable name "x[(7, 1),1]" has a space
Warning: constraint name "CSTR1[(7, 1)]" has a space
Warning: to let Gurobi read it back, use rlp format
Warning: variable name "x[(7, 1),1]" has a space
Warning: constraint name "CSTR1[(7, 1)]" has a space
Warning: to let Gurobi read it back, use rlp format
Warning: variable name "x[(7, 1),1]" has a space
Warning: constraint name "CSTR1[(7, 1)]" has a space
Warning: to let Gurobi read it back, use rlp format
Warning: variable name "x[(7, 1),1]" has a space
Warning: constraint name "CSTR1[(7, 1)]" has a space
Warning: to let Gurobi read it back, use rlp format
Warning: variable name "x[(7, 1),1]" has a space
Warning: constraint name "CSTR1[(7, 1)]" has a space
Warning: to let Gurobi read it back, use rlp format
Warning: variable name "x[(7, 1),1]" has a space
Warning: constraint name "CSTR1[(7, 1)]" has a space
Warning: to let Gurobi read it back, use rlp format
Warning: variable name "x[(7, 1),1]" has a space
Warning: constraint name "CSTR1[(7, 1)]" has a space
Warning: to let Gurobi read it back, use rlp format
Warning: variable name "x[(7, 1),1]" has a space
Warning: constraint name "CSTR1[(7, 1)]" has a space
Warning: to let Gurobi read it back, use rlp format
Warning: variable name "x[(7, 1),1]" has a space
Warning: constraint name "CSTR1[(7, 1)]" has a space
Warning: to let Gurobi read it back, use rlp format
Warning: variable name "x[(7, 1),1]" has a space
Warning: constraint name "CSTR1[(7, 1)]" has a space
Warning: to let Gurobi read it back, use rlp format
Optimize a model with 1209 rows, 1153 columns and 8164 nonzeros
Variable types: 21 continuous, 1132 integer (1132 binary)
Coefficient statistics:
  Matrix range     [1e+00, 5e+03]
  Objective range  [1e+00, 1e+00]
  Bounds range     [1e+00, 2e+01]
  RHS range        [1e+00, 3e+05]
Found heuristic solution: objective 12.0000000
Presolve removed 4 rows and 0 columns
Presolve time: 0.02s
Presolved: 1205 rows, 1153 columns, 7116 nonzeros
Variable types: 21 continuous, 1132 integer (1132 binary)

Root relaxation: objective 2.000000e+01, 201 iterations, 0.00 seconds

    Nodes    |    Current Node    |     Objective Bounds      |     Work
 Expl Unexpl |  Obj  Depth IntInf | Incumbent    BestBd   Gap | It/Node Time

H    0     0                      20.0000000   84.00000   320%     -    0s
     0     0          -    0        20.00000   20.00000  0.00%     -    0s

Explored 0 nodes (431 simplex iterations) in 0.07 seconds
Thread count was 4 (of 4 available processors)

Solution count 2: 20 12 

Optimal solution found (tolerance 1.00e-04)
Best objective 2.000000000000e+01, best bound 2.000000000000e+01, gap 0.0000%

Gurobi 8.1.1 (linux64, Python) logging started Fri Jul 26 12:42:22 2019

Academic license - for non-commercial use only
Warning: variable name "x[(11, 3),1]" has a space
Warning: to let Gurobi read it back, use rlp format
Warning: variable name "x[(11, 3),1]" has a space
Warning: constraint name "CSTR1[(11, 3)]" has a space
Warning: to let Gurobi read it back, use rlp format
Warning: variable name "x[(11, 3),1]" has a space
Warning: constraint name "CSTR1[(11, 3)]" has a space
Warning: to let Gurobi read it back, use rlp format
Warning: variable name "x[(11, 3),1]" has a space
Warning: constraint name "CSTR1[(11, 3)]" has a space
Warning: to let Gurobi read it back, use rlp format
Warning: variable name "x[(11, 3),1]" has a space
Warning: constraint name "CSTR1[(11, 3)]" has a space
Warning: to let Gurobi read it back, use rlp format
Warning: variable name "x[(11, 3),1]" has a space
Warning: constraint name "CSTR1[(11, 3)]" has a space
Warning: to let Gurobi read it back, use rlp format
Warning: variable name "x[(11, 3),1]" has a space
Warning: constraint name "CSTR1[(11, 3)]" has a space
Warning: to let Gurobi read it back, use rlp format
Warning: variable name "x[(11, 3),1]" has a space
Warning: constraint name "CSTR1[(11, 3)]" has a space
Warning: to let Gurobi read it back, use rlp format
Warning: variable name "x[(11, 3),1]" has a space
Warning: constraint name "CSTR1[(11, 3)]" has a space
Warning: to let Gurobi read it back, use rlp format
Warning: variable name "x[(11, 3),1]" has a space
Warning: constraint name "CSTR1[(11, 3)]" has a space
Warning: to let Gurobi read it back, use rlp format
Warning: variable name "x[(11, 3),1]" has a space
Warning: constraint name "CSTR1[(11, 3)]" has a space
Warning: to let Gurobi read it back, use rlp format
Optimize a model with 1209 rows, 1153 columns and 8164 nonzeros
Variable types: 21 continuous, 1132 integer (1132 binary)
Coefficient statistics:
  Matrix range     [1e+00, 5e+03]
  Objective range  [1e+00, 1e+00]
  Bounds range     [1e+00, 2e+01]
  RHS range        [1e+00, 3e+05]
Found heuristic solution: objective 10.0000000
Presolve removed 4 rows and 0 columns
Presolve time: 0.02s
Presolved: 1205 rows, 1153 columns, 7116 nonzeros
Variable types: 21 continuous, 1132 integer (1132 binary)

Root relaxation: objective 2.000000e+01, 238 iterations, 0.01 seconds

    Nodes    |    Current Node    |     Objective Bounds      |     Work
 Expl Unexpl |  Obj  Depth IntInf | Incumbent    BestBd   Gap | It/Node Time

H    0     0                      20.0000000   84.00000   320%     -    0s
     0     0          -    0        20.00000   20.00000  0.00%     -    0s

Explored 0 nodes (358 simplex iterations) in 0.09 seconds
Thread count was 4 (of 4 available processors)

Solution count 2: 20 10 

Optimal solution found (tolerance 1.00e-04)
Best objective 2.000000000000e+01, best bound 2.000000000000e+01, gap 0.0000%

Gurobi 8.1.1 (linux64, Python) logging started Fri Jul 26 14:43:24 2019

Academic license - for non-commercial use only
Warning: variable name "x[(11, 2),1]" has a space
Warning: to let Gurobi read it back, use rlp format
Warning: variable name "x[(11, 2),1]" has a space
Warning: constraint name "CSTR1[(11, 2)]" has a space
Warning: to let Gurobi read it back, use rlp format
Warning: variable name "x[(11, 2),1]" has a space
Warning: constraint name "CSTR1[(11, 2)]" has a space
Warning: to let Gurobi read it back, use rlp format
Warning: variable name "x[(11, 2),1]" has a space
Warning: constraint name "CSTR1[(11, 2)]" has a space
Warning: to let Gurobi read it back, use rlp format
Warning: variable name "x[(11, 2),1]" has a space
Warning: constraint name "CSTR1[(11, 2)]" has a space
Warning: to let Gurobi read it back, use rlp format
Warning: variable name "x[(11, 2),1]" has a space
Warning: constraint name "CSTR1[(11, 2)]" has a space
Warning: to let Gurobi read it back, use rlp format
Warning: variable name "x[(11, 2),1]" has a space
Warning: constraint name "CSTR1[(11, 2)]" has a space
Warning: to let Gurobi read it back, use rlp format
Warning: variable name "x[(11, 2),1]" has a space
Warning: constraint name "CSTR1[(11, 2)]" has a space
Warning: to let Gurobi read it back, use rlp format
Warning: variable name "x[(11, 2),1]" has a space
Warning: constraint name "CSTR1[(11, 2)]" has a space
Warning: to let Gurobi read it back, use rlp format
Warning: variable name "x[(11, 2),1]" has a space
Warning: constraint name "CSTR1[(11, 2)]" has a space
Warning: to let Gurobi read it back, use rlp format
Warning: variable name "x[(11, 2),1]" has a space
Warning: constraint name "CSTR1[(11, 2)]" has a space
Warning: to let Gurobi read it back, use rlp format
Optimize a model with 1209 rows, 1153 columns and 8164 nonzeros
Variable types: 21 continuous, 1132 integer (1132 binary)
Coefficient statistics:
  Matrix range     [1e+00, 5e+03]
  Objective range  [1e+00, 1e+00]
  Bounds range     [1e+00, 2e+01]
  RHS range        [1e+00, 3e+05]
Found heuristic solution: objective 12.0000000
Presolve removed 4 rows and 0 columns
Presolve time: 0.02s
Presolved: 1205 rows, 1153 columns, 7116 nonzeros
Variable types: 21 continuous, 1132 integer (1132 binary)

Root relaxation: objective 2.000000e+01, 224 iterations, 0.01 seconds

    Nodes    |    Current Node    |     Objective Bounds      |     Work
 Expl Unexpl |  Obj  Depth IntInf | Incumbent    BestBd   Gap | It/Node Time

H    0     0                      20.0000000   84.00000   320%     -    0s
     0     0          -    0        20.00000   20.00000  0.00%     -    0s

Explored 0 nodes (422 simplex iterations) in 0.08 seconds
Thread count was 4 (of 4 available processors)

Solution count 2: 20 12 

Optimal solution found (tolerance 1.00e-04)
Best objective 2.000000000000e+01, best bound 2.000000000000e+01, gap 0.0000%

Gurobi 8.1.1 (linux64, Python) logging started Fri Jul 26 19:34:52 2019

Academic license - for non-commercial use only
Warning: variable name "x[(11, 1),1]" has a space
Warning: to let Gurobi read it back, use rlp format
Warning: variable name "x[(11, 1),1]" has a space
Warning: constraint name "CSTR1[(11, 1)]" has a space
Warning: to let Gurobi read it back, use rlp format
Warning: variable name "x[(11, 1),1]" has a space
Warning: constraint name "CSTR1[(11, 1)]" has a space
Warning: to let Gurobi read it back, use rlp format
Warning: variable name "x[(11, 1),1]" has a space
Warning: constraint name "CSTR1[(11, 1)]" has a space
Warning: to let Gurobi read it back, use rlp format
Warning: variable name "x[(11, 1),1]" has a space
Warning: constraint name "CSTR1[(11, 1)]" has a space
Warning: to let Gurobi read it back, use rlp format
Warning: variable name "x[(11, 1),1]" has a space
Warning: constraint name "CSTR1[(11, 1)]" has a space
Warning: to let Gurobi read it back, use rlp format
Warning: variable name "x[(11, 1),1]" has a space
Warning: constraint name "CSTR1[(11, 1)]" has a space
Warning: to let Gurobi read it back, use rlp format
Warning: variable name "x[(11, 1),1]" has a space
Warning: constraint name "CSTR1[(11, 1)]" has a space
Warning: to let Gurobi read it back, use rlp format
Warning: variable name "x[(11, 1),1]" has a space
Warning: constraint name "CSTR1[(11, 1)]" has a space
Warning: to let Gurobi read it back, use rlp format
Warning: variable name "x[(11, 1),1]" has a space
Warning: constraint name "CSTR1[(11, 1)]" has a space
Warning: to let Gurobi read it back, use rlp format
Warning: variable name "x[(11, 1),1]" has a space
Warning: constraint name "CSTR1[(11, 1)]" has a space
Warning: to let Gurobi read it back, use rlp format
Optimize a model with 1209 rows, 1153 columns and 8164 nonzeros
Variable types: 21 continuous, 1132 integer (1132 binary)
Coefficient statistics:
  Matrix range     [1e+00, 5e+03]
  Objective range  [1e+00, 1e+00]
  Bounds range     [1e+00, 2e+01]
  RHS range        [1e+00, 3e+05]
Found heuristic solution: objective 10.0000000
Presolve removed 4 rows and 0 columns
Presolve time: 0.02s
Presolved: 1205 rows, 1153 columns, 7116 nonzeros
Variable types: 21 continuous, 1132 integer (1132 binary)

Root relaxation: objective 2.000000e+01, 215 iterations, 0.00 seconds

    Nodes    |    Current Node    |     Objective Bounds      |     Work
 Expl Unexpl |  Obj  Depth IntInf | Incumbent    BestBd   Gap | It/Node Time

H    0     0                      20.0000000   84.00000   320%     -    0s
     0     0          -    0        20.00000   20.00000  0.00%     -    0s

Explored 0 nodes (528 simplex iterations) in 0.08 seconds
Thread count was 4 (of 4 available processors)

Solution count 2: 20 10 

Optimal solution found (tolerance 1.00e-04)
Best objective 2.000000000000e+01, best bound 2.000000000000e+01, gap 0.0000%
Warning: variable name "x[(8, 1),1]" has a space
Warning: to let Gurobi read it back, use rlp format
Warning: variable name "x[(8, 1),1]" has a space
Warning: constraint name "CSTR1[(8, 1)]" has a space
Warning: to let Gurobi read it back, use rlp format
Warning: variable name "x[(8, 1),1]" has a space
Warning: constraint name "CSTR1[(8, 1)]" has a space
Warning: to let Gurobi read it back, use rlp format
Warning: variable name "x[(8, 1),1]" has a space
Warning: constraint name "CSTR1[(8, 1)]" has a space
Warning: to let Gurobi read it back, use rlp format
Warning: variable name "x[(8, 1),1]" has a space
Warning: constraint name "CSTR1[(8, 1)]" has a space
Warning: to let Gurobi read it back, use rlp format
Warning: variable name "x[(8, 1),1]" has a space
Warning: constraint name "CSTR1[(8, 1)]" has a space
Warning: to let Gurobi read it back, use rlp format
Warning: variable name "x[(8, 1),1]" has a space
Warning: to let Gurobi read it back, use rlp format
Warning: variable name "x[(8, 1),1]" has a space
Warning: constraint name "CSTR1[(8, 1)]" has a space
Warning: to let Gurobi read it back, use rlp format
Warning: variable name "x[(8, 1),1]" has a space
Warning: constraint name "CSTR1[(8, 1)]" has a space
Warning: to let Gurobi read it back, use rlp format
Warning: variable name "x[(8, 1),1]" has a space
Warning: constraint name "CSTR1[(8, 1)]" has a space
Warning: to let Gurobi read it back, use rlp format
Warning: variable name "x[(8, 1),1]" has a space
Warning: constraint name "CSTR1[(8, 1)]" has a space
Warning: to let Gurobi read it back, use rlp format
Warning: variable name "x[(8, 1),1]" has a space
Warning: constraint name "CSTR1[(8, 1)]" has a space
Warning: to let Gurobi read it back, use rlp format
Warning: variable name "x[(8, 1),1]" has a space
Warning: constraint name "CSTR1[(8, 1)]" has a space
Warning: to let Gurobi read it back, use rlp format
Warning: variable name "x[(8, 1),1]" has a space
Warning: constraint name "CSTR1[(8, 1)]" has a space
Warning: to let Gurobi read it back, use rlp format
Warning: variable name "x[(8, 1),1]" has a space
Warning: constraint name "CSTR1[(8, 1)]" has a space
Warning: to let Gurobi read it back, use rlp format
Warning: variable name "x[(8, 1),1]" has a space
Warning: to let Gurobi read it back, use rlp format
Warning: variable name "x[(8, 1),1]" has a space
Warning: constraint name "CSTR1[(8, 1)]" has a space
Warning: to let Gurobi read it back, use rlp format
Warning: variable name "x[(8, 1),1]" has a space
Warning: constraint name "CSTR1[(8, 1)]" has a space
Warning: to let Gurobi read it back, use rlp format
Warning: variable name "x[(8, 1),1]" has a space
Warning: constraint name "CSTR1[(8, 1)]" has a space
Warning: to let Gurobi read it back, use rlp format
Warning: variable name "x[(8, 1),1]" has a space
Warning: constraint name "CSTR1[(8, 1)]" has a space
Warning: to let Gurobi read it back, use rlp format
Warning: variable name "x[(8, 1),1]" has a space
Warning: constraint name "CSTR1[(8, 1)]" has a space
Warning: to let Gurobi read it back, use rlp format
Warning: variable name "x[(8, 1),1]" has a space
Warning: constraint name "CSTR1[(8, 1)]" has a space
Warning: to let Gurobi read it back, use rlp format
Warning: variable name "x[(8, 1),1]" has a space
Warning: constraint name "CSTR1[(8, 1)]" has a space
Warning: to let Gurobi read it back, use rlp format
Warning: variable name "x[(8, 1),1]" has a space
Warning: constraint name "CSTR1[(8, 1)]" has a space
Warning: to let Gurobi read it back, use rlp format
Warning: variable name "x[(8, 1),1]" has a space
Warning: constraint name "CSTR1[(8, 1)]" has a space
Warning: to let Gurobi read it back, use rlp format
Warning: variable name "x[(8, 1),1]" has a space
Warning: constraint name "CSTR1[(8, 1)]" has a space
Warning: to let Gurobi read it back, use rlp format
Optimize a model with 918 rows, 802 columns and 5804 nonzeros
Variable types: 18 continuous, 784 integer (784 binary)
Coefficient statistics:
  Matrix range     [1e+00, 5e+03]
  Objective range  [1e+00, 1e+00]
  Bounds range     [1e+00, 2e+01]
  RHS range        [1e+00, 3e+05]
Presolve removed 4 rows and 28 columns
Presolve time: 0.01s

Explored 0 nodes (0 simplex iterations) in 0.01 seconds
Thread count was 1 (of 4 available processors)

Solution count 0

Model is infeasible
Best objective -, best bound -, gap -
Warning: variable name "x[(8, 1),1]" has a space
Warning: to let Gurobi read it back, use rlp format
Warning: variable name "x[(8, 1),1]" has a space
Warning: constraint name "CSTR1[(8, 1)]" has a space
Warning: to let Gurobi read it back, use rlp format
Warning: variable name "x[(8, 1),1]" has a space
Warning: constraint name "CSTR1[(8, 1)]" has a space
Warning: to let Gurobi read it back, use rlp format
Warning: variable name "x[(8, 1),1]" has a space
Warning: constraint name "CSTR1[(8, 1)]" has a space
Warning: to let Gurobi read it back, use rlp format
Warning: variable name "x[(8, 1),1]" has a space
Warning: constraint name "CSTR1[(8, 1)]" has a space
Warning: to let Gurobi read it back, use rlp format
Warning: variable name "x[(8, 1),1]" has a space
Warning: constraint name "CSTR1[(8, 1)]" has a space
Warning: to let Gurobi read it back, use rlp format
Warning: variable name "x[(8, 1),1]" has a space
Warning: constraint name "CSTR1[(8, 1)]" has a space
Warning: to let Gurobi read it back, use rlp format
Warning: variable name "x[(8, 1),1]" has a space
Warning: constraint name "CSTR1[(8, 1)]" has a space
Warning: to let Gurobi read it back, use rlp format
Warning: variable name "x[(8, 1),1]" has a space
Warning: constraint name "CSTR1[(8, 1)]" has a space
Warning: to let Gurobi read it back, use rlp format
Warning: variable name "x[(8, 1),1]" has a space
Warning: constraint name "CSTR1[(8, 1)]" has a space
Warning: to let Gurobi read it back, use rlp format
Warning: variable name "x[(8, 1),1]" has a space
Warning: constraint name "CSTR1[(8, 1)]" has a space
Warning: to let Gurobi read it back, use rlp format
Optimize a model with 918 rows, 802 columns and 5804 nonzeros
Variable types: 18 continuous, 784 integer (784 binary)
Coefficient statistics:
  Matrix range     [1e+00, 5e+03]
  Objective range  [1e+00, 1e+00]
  Bounds range     [1e+00, 2e+01]
  RHS range        [1e+00, 3e+05]
Presolve removed 4 rows and 28 columns
Presolve time: 0.01s

Explored 0 nodes (0 simplex iterations) in 0.02 seconds
Thread count was 1 (of 4 available processors)

Solution count 0

Model is infeasible
Best objective -, best bound -, gap -
Warning: variable name "x[(8, 1),1]" has a space
Warning: to let Gurobi read it back, use rlp format
Warning: variable name "x[(8, 1),1]" has a space
Warning: constraint name "CSTR1[(8, 1)]" has a space
Warning: to let Gurobi read it back, use rlp format
Warning: variable name "x[(8, 1),1]" has a space
Warning: constraint name "CSTR1[(8, 1)]" has a space
Warning: to let Gurobi read it back, use rlp format
Warning: variable name "x[(8, 1),1]" has a space
Warning: constraint name "CSTR1[(8, 1)]" has a space
Warning: to let Gurobi read it back, use rlp format
Warning: variable name "x[(8, 1),1]" has a space
Warning: constraint name "CSTR1[(8, 1)]" has a space
Warning: to let Gurobi read it back, use rlp format
Warning: variable name "x[(8, 1),1]" has a space
Warning: constraint name "CSTR1[(8, 1)]" has a space
Warning: to let Gurobi read it back, use rlp format
Warning: variable name "x[(8, 1),1]" has a space
Warning: constraint name "CSTR1[(8, 1)]" has a space
Warning: to let Gurobi read it back, use rlp format
Warning: variable name "x[(8, 1),1]" has a space
Warning: constraint name "CSTR1[(8, 1)]" has a space
Warning: to let Gurobi read it back, use rlp format
Warning: variable name "x[(8, 1),1]" has a space
Warning: constraint name "CSTR1[(8, 1)]" has a space
Warning: to let Gurobi read it back, use rlp format
Warning: variable name "x[(8, 1),1]" has a space
Warning: constraint name "CSTR1[(8, 1)]" has a space
Warning: to let Gurobi read it back, use rlp format
Warning: variable name "x[(8, 1),1]" has a space
Warning: constraint name "CSTR1[(8, 1)]" has a space
Warning: to let Gurobi read it back, use rlp format
Optimize a model with 918 rows, 802 columns and 5804 nonzeros
Variable types: 18 continuous, 784 integer (784 binary)
Coefficient statistics:
  Matrix range     [1e+00, 5e+03]
  Objective range  [1e+00, 1e+00]
  Bounds range     [1e+00, 2e+01]
  RHS range        [1e+00, 3e+09]
Warning: Model contains large rhs
         Consider reformulating model or setting NumericFocus parameter
         to avoid numerical issues.
Presolve removed 4 rows and 28 columns
Presolve time: 0.01s

Explored 0 nodes (0 simplex iterations) in 0.03 seconds
Thread count was 1 (of 4 available processors)

Solution count 0

Model is infeasible
Best objective -, best bound -, gap -

Gurobi 8.1.1 (linux64, Python) logging started Fri Jul 26 21:55:26 2019

Academic license - for non-commercial use only
Warning: variable name "x[(6, 2),1]" has a space
Warning: to let Gurobi read it back, use rlp format
Warning: variable name "x[(6, 2),1]" has a space
Warning: constraint name "CSTR1[(6, 2)]" has a space
Warning: to let Gurobi read it back, use rlp format
Warning: variable name "x[(6, 2),1]" has a space
Warning: constraint name "CSTR1[(6, 2)]" has a space
Warning: to let Gurobi read it back, use rlp format
Warning: variable name "x[(6, 2),1]" has a space
Warning: constraint name "CSTR1[(6, 2)]" has a space
Warning: to let Gurobi read it back, use rlp format
Warning: variable name "x[(6, 2),1]" has a space
Warning: constraint name "CSTR1[(6, 2)]" has a space
Warning: to let Gurobi read it back, use rlp format
Warning: variable name "x[(6, 2),1]" has a space
Warning: constraint name "CSTR1[(6, 2)]" has a space
Warning: to let Gurobi read it back, use rlp format
Warning: variable name "x[(6, 2),1]" has a space
Warning: constraint name "CSTR1[(6, 2)]" has a space
Warning: to let Gurobi read it back, use rlp format
Warning: variable name "x[(6, 2),1]" has a space
Warning: constraint name "CSTR1[(6, 2)]" has a space
Warning: to let Gurobi read it back, use rlp format
Warning: variable name "x[(6, 2),1]" has a space
Warning: constraint name "CSTR1[(6, 2)]" has a space
Warning: to let Gurobi read it back, use rlp format
Warning: variable name "x[(6, 2),1]" has a space
Warning: constraint name "CSTR1[(6, 2)]" has a space
Warning: to let Gurobi read it back, use rlp format
Optimize a model with 278 rows, 802 columns and 3884 nonzeros
Variable types: 18 continuous, 784 integer (784 binary)
Coefficient statistics:
  Matrix range     [1e+00, 5e+03]
  Objective range  [1e+00, 1e+00]
  Bounds range     [1e+00, 2e+01]
  RHS range        [1e+00, 3e+05]
Presolve removed 4 rows and 42 columns
Presolve time: 0.01s

Explored 0 nodes (0 simplex iterations) in 0.03 seconds
Thread count was 1 (of 4 available processors)

Solution count 0

Model is infeasible
Best objective -, best bound -, gap -
Warning: variable name "x[(6, 2),1]" has a space
Warning: to let Gurobi read it back, use rlp format
Warning: variable name "x[(6, 2),1]" has a space
Warning: constraint name "CSTR1[(6, 2)]" has a space
Warning: to let Gurobi read it back, use rlp format
Warning: variable name "x[(6, 2),1]" has a space
Warning: constraint name "CSTR1[(6, 2)]" has a space
Warning: to let Gurobi read it back, use rlp format
Warning: variable name "x[(6, 2),1]" has a space
Warning: constraint name "CSTR1[(6, 2)]" has a space
Warning: to let Gurobi read it back, use rlp format
Warning: variable name "x[(6, 2),1]" has a space
Warning: constraint name "CSTR1[(6, 2)]" has a space
Warning: to let Gurobi read it back, use rlp format
Warning: variable name "x[(6, 2),1]" has a space
Warning: constraint name "CSTR1[(6, 2)]" has a space
Warning: to let Gurobi read it back, use rlp format
Warning: variable name "x[(6, 2),1]" has a space
Warning: constraint name "CSTR1[(6, 2)]" has a space
Warning: to let Gurobi read it back, use rlp format
Warning: variable name "x[(6, 2),1]" has a space
Warning: constraint name "CSTR1[(6, 2)]" has a space
Warning: to let Gurobi read it back, use rlp format
Warning: variable name "x[(6, 2),1]" has a space
Warning: constraint name "CSTR1[(6, 2)]" has a space
Warning: to let Gurobi read it back, use rlp format
Optimize a model with 274 rows, 802 columns and 3172 nonzeros
Variable types: 18 continuous, 784 integer (784 binary)
Coefficient statistics:
  Matrix range     [1e+00, 1e+00]
  Objective range  [1e+00, 1e+00]
  Bounds range     [1e+00, 2e+01]
  RHS range        [1e+00, 1e+00]
Presolve removed 0 rows and 42 columns
Presolve time: 0.00s

Explored 0 nodes (0 simplex iterations) in 0.01 seconds
Thread count was 1 (of 4 available processors)

Solution count 0

Model is infeasible
Best objective -, best bound -, gap -
Warning: variable name "x[(6, 2),1]" has a space
Warning: to let Gurobi read it back, use rlp format
Warning: variable name "x[(6, 2),1]" has a space
Warning: constraint name "CSTR1[(6, 2)]" has a space
Warning: to let Gurobi read it back, use rlp format
Warning: variable name "x[(6, 2),1]" has a space
Warning: constraint name "CSTR1[(6, 2)]" has a space
Warning: to let Gurobi read it back, use rlp format
Warning: variable name "x[(6, 2),1]" has a space
Warning: constraint name "CSTR1[(6, 2)]" has a space
Warning: to let Gurobi read it back, use rlp format
Warning: variable name "x[(6, 2),1]" has a space
Warning: constraint name "CSTR1[(6, 2)]" has a space
Warning: to let Gurobi read it back, use rlp format
Warning: variable name "x[(6, 2),1]" has a space
Warning: constraint name "CSTR1[(6, 2)]" has a space
Warning: to let Gurobi read it back, use rlp format
Warning: variable name "x[(6, 2),1]" has a space
Warning: constraint name "CSTR1[(6, 2)]" has a space
Warning: to let Gurobi read it back, use rlp format
Warning: variable name "x[(6, 2),1]" has a space
Warning: constraint name "CSTR1[(6, 2)]" has a space
Warning: to let Gurobi read it back, use rlp format
Optimize a model with 202 rows, 802 columns and 1820 nonzeros
Variable types: 18 continuous, 784 integer (784 binary)
Coefficient statistics:
  Matrix range     [1e+00, 1e+00]
  Objective range  [1e+00, 1e+00]
  Bounds range     [1e+00, 2e+01]
  RHS range        [1e+00, 1e+00]
Presolve removed 4 rows and 50 columns
Presolve time: 0.00s

Explored 0 nodes (0 simplex iterations) in 0.01 seconds
Thread count was 1 (of 4 available processors)

Solution count 0

Model is infeasible
Best objective -, best bound -, gap -
Warning: variable name "x[(6, 2),1]" has a space
Warning: to let Gurobi read it back, use rlp format
Warning: variable name "x[(6, 2),1]" has a space
Warning: constraint name "CSTR1[(6, 2)]" has a space
Warning: to let Gurobi read it back, use rlp format
Warning: variable name "x[(6, 2),1]" has a space
Warning: constraint name "CSTR1[(6, 2)]" has a space
Warning: to let Gurobi read it back, use rlp format
Warning: variable name "x[(6, 2),1]" has a space
Warning: constraint name "CSTR1[(6, 2)]" has a space
Warning: to let Gurobi read it back, use rlp format
Warning: variable name "x[(6, 2),1]" has a space
Warning: constraint name "CSTR1[(6, 2)]" has a space
Warning: to let Gurobi read it back, use rlp format
Warning: variable name "x[(6, 2),1]" has a space
Warning: constraint name "CSTR1[(6, 2)]" has a space
Warning: to let Gurobi read it back, use rlp format
Warning: variable name "x[(6, 2),1]" has a space
Warning: constraint name "CSTR1[(6, 2)]" has a space
Warning: to let Gurobi read it back, use rlp format
Optimize a model with 130 rows, 802 columns and 1108 nonzeros
Variable types: 18 continuous, 784 integer (784 binary)
Coefficient statistics:
  Matrix range     [1e+00, 1e+00]
  Objective range  [1e+00, 1e+00]
  Bounds range     [1e+00, 2e+01]
  RHS range        [1e+00, 1e+00]
Found heuristic solution: objective 8.0000000
Presolve removed 36 rows and 690 columns
Presolve time: 0.01s
Presolved: 94 rows, 112 columns, 404 nonzeros
Variable types: 0 continuous, 112 integer (112 binary)

Root relaxation: objective 1.600000e+01, 42 iterations, 0.00 seconds

    Nodes    |    Current Node    |     Objective Bounds      |     Work
 Expl Unexpl |  Obj  Depth IntInf | Incumbent    BestBd   Gap | It/Node Time

*    0     0               0      16.0000000   16.00000  0.00%     -    0s

Explored 0 nodes (42 simplex iterations) in 0.03 seconds
Thread count was 4 (of 4 available processors)

Solution count 2: 16 8 

Optimal solution found (tolerance 1.00e-04)
Best objective 1.600000000000e+01, best bound 1.600000000000e+01, gap 0.0000%
Warning: variable name "x[(6, 2),1]" has a space
Warning: to let Gurobi read it back, use rlp format
Warning: variable name "x[(6, 2),1]" has a space
Warning: constraint name "CSTR1[(6, 2)]" has a space
Warning: to let Gurobi read it back, use rlp format
Warning: variable name "x[(6, 2),1]" has a space
Warning: constraint name "CSTR1[(6, 2)]" has a space
Warning: to let Gurobi read it back, use rlp format
Warning: variable name "x[(6, 2),1]" has a space
Warning: constraint name "CSTR1[(6, 2)]" has a space
Warning: to let Gurobi read it back, use rlp format
Warning: variable name "x[(6, 2),1]" has a space
Warning: constraint name "CSTR1[(6, 2)]" has a space
Warning: to let Gurobi read it back, use rlp format
Warning: variable name "x[(6, 2),1]" has a space
Warning: constraint name "CSTR1[(6, 2)]" has a space
Warning: to let Gurobi read it back, use rlp format
Warning: variable name "x[(6, 2),1]" has a space
Warning: constraint name "CSTR1[(6, 2)]" has a space
Warning: to let Gurobi read it back, use rlp format
Warning: variable name "x[(6, 2),1]" has a space
Warning: constraint name "CSTR1[(6, 2)]" has a space
Warning: to let Gurobi read it back, use rlp format
Warning: variable name "x[(6, 2),1]" has a space
Warning: constraint name "CSTR1[(6, 2)]" has a space
Warning: to let Gurobi read it back, use rlp format
Warning: variable name "x[(6, 2),1]" has a space
Warning: constraint name "CSTR1[(6, 2)]" has a space
Warning: to let Gurobi read it back, use rlp format
Optimize a model with 846 rows, 802 columns and 5092 nonzeros
Variable types: 18 continuous, 784 integer (784 binary)
Coefficient statistics:
  Matrix range     [1e+00, 5e+03]
  Objective range  [1e+00, 1e+00]
  Bounds range     [1e+00, 2e+01]
  RHS range        [1e+00, 3e+05]
Presolve removed 4 rows and 0 columns
Presolve time: 0.01s
Presolved: 842 rows, 802 columns, 4380 nonzeros
Variable types: 18 continuous, 784 integer (784 binary)

Root relaxation: objective 1.600000e+01, 247 iterations, 0.01 seconds

    Nodes    |    Current Node    |     Objective Bounds      |     Work
 Expl Unexpl |  Obj  Depth IntInf | Incumbent    BestBd   Gap | It/Node Time

     0     0   16.00000    0   10          -   16.00000      -     -    0s
H    0     0                      16.0000000   16.00000  0.00%     -    0s

Explored 1 nodes (741 simplex iterations) in 0.07 seconds
Thread count was 4 (of 4 available processors)

Solution count 1: 16 

Optimal solution found (tolerance 1.00e-04)
Best objective 1.600000000000e+01, best bound 1.600000000000e+01, gap 0.0000%

Gurobi 8.1.1 (linux64, Python) logging started Fri Jul 26 22:55:55 2019

Academic license - for non-commercial use only
Warning: variable name "x[(8, 2),1]" has a space
Warning: to let Gurobi read it back, use rlp format
Warning: variable name "x[(8, 2),1]" has a space
Warning: constraint name "CSTR1[(8, 2)]" has a space
Warning: to let Gurobi read it back, use rlp format
Warning: variable name "x[(8, 2),1]" has a space
Warning: constraint name "CSTR1[(8, 2)]" has a space
Warning: to let Gurobi read it back, use rlp format
Warning: variable name "x[(8, 2),1]" has a space
Warning: constraint name "CSTR1[(8, 2)]" has a space
Warning: to let Gurobi read it back, use rlp format
Warning: variable name "x[(8, 2),1]" has a space
Warning: constraint name "CSTR1[(8, 2)]" has a space
Warning: to let Gurobi read it back, use rlp format
Warning: variable name "x[(8, 2),1]" has a space
Warning: constraint name "CSTR1[(8, 2)]" has a space
Warning: to let Gurobi read it back, use rlp format
Warning: variable name "x[(8, 2),1]" has a space
Warning: constraint name "CSTR1[(8, 2)]" has a space
Warning: to let Gurobi read it back, use rlp format
Warning: variable name "x[(8, 2),1]" has a space
Warning: constraint name "CSTR1[(8, 2)]" has a space
Warning: to let Gurobi read it back, use rlp format
Warning: variable name "x[(8, 2),1]" has a space
Warning: constraint name "CSTR1[(8, 2)]" has a space
Warning: to let Gurobi read it back, use rlp format
Warning: variable name "x[(8, 2),1]" has a space
Warning: constraint name "CSTR1[(8, 2)]" has a space
Warning: to let Gurobi read it back, use rlp format
Optimize a model with 846 rows, 802 columns and 5092 nonzeros
Variable types: 18 continuous, 784 integer (784 binary)
Coefficient statistics:
  Matrix range     [1e+00, 5e+03]
  Objective range  [1e+00, 1e+00]
  Bounds range     [1e+00, 2e+01]
  RHS range        [1e+00, 3e+05]
Found heuristic solution: objective 14.0000000
Presolve removed 4 rows and 0 columns
Presolve time: 0.02s
Presolved: 842 rows, 802 columns, 4380 nonzeros
Variable types: 18 continuous, 784 integer (784 binary)

Root relaxation: objective 1.600000e+01, 198 iterations, 0.01 seconds

    Nodes    |    Current Node    |     Objective Bounds      |     Work
 Expl Unexpl |  Obj  Depth IntInf | Incumbent    BestBd   Gap | It/Node Time

H    0     0                      16.0000000   72.00000   350%     -    0s
     0     0          -    0        16.00000   16.00000  0.00%     -    0s

Explored 0 nodes (560 simplex iterations) in 0.09 seconds
Thread count was 4 (of 4 available processors)

Solution count 2: 16 14 

Optimal solution found (tolerance 1.00e-04)
Best objective 1.600000000000e+01, best bound 1.600000000000e+01, gap 0.0000%
Warning: variable name "x[(8, 2),1]" has a space
Warning: to let Gurobi read it back, use rlp format
Warning: variable name "x[(8, 2),1]" has a space
Warning: constraint name "CSTR1[(8, 2)]" has a space
Warning: to let Gurobi read it back, use rlp format
Warning: variable name "x[(8, 2),1]" has a space
Warning: constraint name "CSTR1[(8, 2)]" has a space
Warning: to let Gurobi read it back, use rlp format
Warning: variable name "x[(8, 2),1]" has a space
Warning: constraint name "CSTR1[(8, 2)]" has a space
Warning: to let Gurobi read it back, use rlp format
Warning: variable name "x[(8, 2),1]" has a space
Warning: constraint name "CSTR1[(8, 2)]" has a space
Warning: to let Gurobi read it back, use rlp format
Warning: variable name "x[(8, 2),1]" has a space
Warning: constraint name "CSTR1[(8, 2)]" has a space
Warning: to let Gurobi read it back, use rlp format
Warning: variable name "x[(8, 2),1]" has a space
Warning: constraint name "CSTR1[(8, 2)]" has a space
Warning: to let Gurobi read it back, use rlp format
Warning: variable name "x[(8, 2),1]" has a space
Warning: constraint name "CSTR1[(8, 2)]" has a space
Warning: to let Gurobi read it back, use rlp format
Warning: variable name "x[(8, 2),1]" has a space
Warning: constraint name "CSTR1[(8, 2)]" has a space
Warning: to let Gurobi read it back, use rlp format
Warning: variable name "x[(8, 2),1]" has a space
Warning: constraint name "CSTR1[(8, 2)]" has a space
Warning: to let Gurobi read it back, use rlp format
Warning: variable name "x[(8, 2),1]" has a space
Warning: to let Gurobi read it back, use rlp format
Warning: variable name "x[(8, 2),1]" has a space
Warning: constraint name "CSTR1[(8, 2)]" has a space
Warning: to let Gurobi read it back, use rlp format
Warning: variable name "x[(8, 2),1]" has a space
Warning: constraint name "CSTR1[(8, 2)]" has a space
Warning: to let Gurobi read it back, use rlp format
Warning: variable name "x[(8, 2),1]" has a space
Warning: constraint name "CSTR1[(8, 2)]" has a space
Warning: to let Gurobi read it back, use rlp format
Warning: variable name "x[(8, 2),1]" has a space
Warning: constraint name "CSTR1[(8, 2)]" has a space
Warning: to let Gurobi read it back, use rlp format
Warning: variable name "x[(8, 2),1]" has a space
Warning: constraint name "CSTR1[(8, 2)]" has a space
Warning: to let Gurobi read it back, use rlp format
Warning: variable name "x[(8, 2),1]" has a space
Warning: constraint name "CSTR1[(8, 2)]" has a space
Warning: to let Gurobi read it back, use rlp format
Warning: variable name "x[(8, 2),1]" has a space
Warning: constraint name "CSTR1[(8, 2)]" has a space
Warning: to let Gurobi read it back, use rlp format
Warning: variable name "x[(8, 2),1]" has a space
Warning: constraint name "CSTR1[(8, 2)]" has a space
Warning: to let Gurobi read it back, use rlp format
Warning: variable name "x[(8, 2),1]" has a space
Warning: constraint name "CSTR1[(8, 2)]" has a space
Warning: to let Gurobi read it back, use rlp format
Warning: variable name "x[(8, 2),1]" has a space
Warning: constraint name "CSTR1[(8, 2)]" has a space
Warning: to let Gurobi read it back, use rlp format
Optimize a model with 918 rows, 804 columns and 5804 nonzeros
Variable types: 20 continuous, 784 integer (784 binary)
Coefficient statistics:
  Matrix range     [1e+00, 5e+03]
  Objective range  [1e+00, 1e+00]
  Bounds range     [1e+00, 2e+01]
  RHS range        [1e+00, 3e+05]
Presolve removed 4 rows and 26 columns
Presolve time: 0.01s

Explored 0 nodes (0 simplex iterations) in 0.02 seconds
Thread count was 1 (of 4 available processors)

Solution count 0

Model is infeasible
Best objective -, best bound -, gap -
Warning: variable name "x[(8, 2),1]" has a space
Warning: to let Gurobi read it back, use rlp format
Warning: variable name "x[(8, 2),1]" has a space
Warning: constraint name "CSTR1[(8, 2)]" has a space
Warning: to let Gurobi read it back, use rlp format
Warning: variable name "x[(8, 2),1]" has a space
Warning: constraint name "CSTR1[(8, 2)]" has a space
Warning: to let Gurobi read it back, use rlp format
Warning: variable name "x[(8, 2),1]" has a space
Warning: constraint name "CSTR1[(8, 2)]" has a space
Warning: to let Gurobi read it back, use rlp format
Warning: variable name "x[(8, 2),1]" has a space
Warning: constraint name "CSTR1[(8, 2)]" has a space
Warning: to let Gurobi read it back, use rlp format
Warning: variable name "x[(8, 2),1]" has a space
Warning: constraint name "CSTR1[(8, 2)]" has a space
Warning: to let Gurobi read it back, use rlp format
Warning: variable name "x[(8, 2),1]" has a space
Warning: constraint name "CSTR1[(8, 2)]" has a space
Warning: to let Gurobi read it back, use rlp format
Warning: variable name "x[(8, 2),1]" has a space
Warning: constraint name "CSTR1[(8, 2)]" has a space
Warning: to let Gurobi read it back, use rlp format
Warning: variable name "x[(8, 2),1]" has a space
Warning: constraint name "CSTR1[(8, 2)]" has a space
Warning: to let Gurobi read it back, use rlp format
Warning: variable name "x[(8, 2),1]" has a space
Warning: constraint name "CSTR1[(8, 2)]" has a space
Warning: to let Gurobi read it back, use rlp format
Optimize a model with 846 rows, 804 columns and 5092 nonzeros
Variable types: 20 continuous, 784 integer (784 binary)
Coefficient statistics:
  Matrix range     [1e+00, 5e+03]
  Objective range  [1e+00, 1e+00]
  Bounds range     [1e+00, 2e+01]
  RHS range        [1e+00, 3e+05]
Presolve removed 4 rows and 2 columns
Presolve time: 0.01s
Presolved: 842 rows, 802 columns, 4380 nonzeros
Variable types: 18 continuous, 784 integer (784 binary)
Found heuristic solution: objective 14.0000000

Root relaxation: objective 1.600000e+01, 189 iterations, 0.01 seconds

    Nodes    |    Current Node    |     Objective Bounds      |     Work
 Expl Unexpl |  Obj  Depth IntInf | Incumbent    BestBd   Gap | It/Node Time

*    0     0               0      16.0000000   16.00000  0.00%     -    0s

Explored 0 nodes (668 simplex iterations) in 0.08 seconds
Thread count was 4 (of 4 available processors)

Solution count 2: 16 14 

Optimal solution found (tolerance 1.00e-04)
Best objective 1.600000000000e+01, best bound 1.600000000000e+01, gap 0.0000%

Gurobi 8.1.1 (linux64, Python) logging started Sun Jul 28 21:11:58 2019

Academic license - for non-commercial use only
Warning: variable name "x[(3, 1),1]" has a space
Warning: to let Gurobi read it back, use rlp format
Warning: variable name "x[(3, 1),1]" has a space
Warning: constraint name "CSTR1[(3, 1)]" has a space
Warning: to let Gurobi read it back, use rlp format
Warning: variable name "x[(3, 1),1]" has a space
Warning: constraint name "CSTR1[(3, 1)]" has a space
Warning: to let Gurobi read it back, use rlp format
Warning: variable name "x[(3, 1),1]" has a space
Warning: constraint name "CSTR1[(3, 1)]" has a space
Warning: to let Gurobi read it back, use rlp format
Warning: variable name "x[(3, 1),1]" has a space
Warning: constraint name "CSTR1[(3, 1)]" has a space
Warning: to let Gurobi read it back, use rlp format
Warning: variable name "x[(3, 1),1]" has a space
Warning: constraint name "CSTR1[(3, 1)]" has a space
Warning: to let Gurobi read it back, use rlp format
Warning: variable name "x[(3, 1),1]" has a space
Warning: constraint name "CSTR1[(3, 1)]" has a space
Warning: to let Gurobi read it back, use rlp format
Warning: variable name "x[(3, 1),1]" has a space
Warning: constraint name "CSTR1[(3, 1)]" has a space
Warning: to let Gurobi read it back, use rlp format
Warning: variable name "x[(3, 1),1]" has a space
Warning: constraint name "CSTR1[(3, 1)]" has a space
Warning: to let Gurobi read it back, use rlp format
Warning: variable name "x[(3, 1),1]" has a space
Warning: constraint name "CSTR1[(3, 1)]" has a space
Warning: to let Gurobi read it back, use rlp format
Warning: variable name "x[(3, 1),1]" has a space
Warning: constraint name "CSTR1[(3, 1)]" has a space
Warning: to let Gurobi read it back, use rlp format
Optimize a model with 918 rows, 804 columns and 5804 nonzeros
Variable types: 20 continuous, 784 integer (784 binary)
Coefficient statistics:
  Matrix range     [1e+00, 5e+03]
  Objective range  [1e+00, 1e+00]
  Bounds range     [1e+00, 2e+01]
  RHS range        [1e+00, 3e+05]
Presolve removed 4 rows and 30 columns
Presolve time: 0.01s

Explored 0 nodes (0 simplex iterations) in 0.03 seconds
Thread count was 1 (of 4 available processors)

Solution count 0

Model is infeasible
Best objective -, best bound -, gap -
Warning: variable name "x[(3, 1),1]" has a space
Warning: to let Gurobi read it back, use rlp format
Warning: variable name "x[(3, 1),1]" has a space
Warning: constraint name "CSTR1[(3, 1)]" has a space
Warning: to let Gurobi read it back, use rlp format
Warning: variable name "x[(3, 1),1]" has a space
Warning: constraint name "CSTR1[(3, 1)]" has a space
Warning: to let Gurobi read it back, use rlp format
Warning: variable name "x[(3, 1),1]" has a space
Warning: constraint name "CSTR1[(3, 1)]" has a space
Warning: to let Gurobi read it back, use rlp format
Warning: variable name "x[(3, 1),1]" has a space
Warning: constraint name "CSTR1[(3, 1)]" has a space
Warning: to let Gurobi read it back, use rlp format
Warning: variable name "x[(3, 1),1]" has a space
Warning: constraint name "CSTR1[(3, 1)]" has a space
Warning: to let Gurobi read it back, use rlp format
Warning: variable name "x[(3, 1),1]" has a space
Warning: constraint name "CSTR1[(3, 1)]" has a space
Warning: to let Gurobi read it back, use rlp format
Warning: variable name "x[(3, 1),1]" has a space
Warning: constraint name "CSTR1[(3, 1)]" has a space
Warning: to let Gurobi read it back, use rlp format
Warning: variable name "x[(3, 1),1]" has a space
Warning: to let Gurobi read it back, use rlp format
Warning: variable name "x[(3, 1),1]" has a space
Warning: constraint name "CSTR1[(3, 1)]" has a space
Warning: to let Gurobi read it back, use rlp format
Warning: variable name "x[(3, 1),1]" has a space
Warning: constraint name "CSTR1[(3, 1)]" has a space
Warning: to let Gurobi read it back, use rlp format
Warning: variable name "x[(3, 1),1]" has a space
Warning: constraint name "CSTR1[(3, 1)]" has a space
Warning: to let Gurobi read it back, use rlp format
Warning: variable name "x[(3, 1),1]" has a space
Warning: constraint name "CSTR1[(3, 1)]" has a space
Warning: to let Gurobi read it back, use rlp format
Warning: variable name "x[(3, 1),1]" has a space
Warning: constraint name "CSTR1[(3, 1)]" has a space
Warning: to let Gurobi read it back, use rlp format
Warning: variable name "x[(3, 1),1]" has a space
Warning: constraint name "CSTR1[(3, 1)]" has a space
Warning: to let Gurobi read it back, use rlp format
Warning: variable name "x[(3, 1),1]" has a space
Warning: constraint name "CSTR1[(3, 1)]" has a space
Warning: to let Gurobi read it back, use rlp format
Warning: variable name "x[(3, 1),1]" has a space
Warning: constraint name "CSTR1[(3, 1)]" has a space
Warning: to let Gurobi read it back, use rlp format
Warning: variable name "x[(3, 1),1]" has a space
Warning: constraint name "CSTR1[(3, 1)]" has a space
Warning: to let Gurobi read it back, use rlp format
Warning: variable name "x[(3, 1),1]" has a space
Warning: constraint name "CSTR1[(3, 1)]" has a space
Warning: to let Gurobi read it back, use rlp format
Optimize a model with 918 rows, 804 columns and 5836 nonzeros
Variable types: 20 continuous, 784 integer (784 binary)
Coefficient statistics:
  Matrix range     [1e+00, 5e+03]
  Objective range  [1e+00, 1e+00]
  Bounds range     [1e+00, 2e+01]
  RHS range        [1e+00, 3e+05]
Found heuristic solution: objective 10.0000000
Presolve removed 4 rows and 2 columns
Presolve time: 0.02s
Presolved: 914 rows, 802 columns, 5124 nonzeros
Variable types: 18 continuous, 784 integer (784 binary)

Root relaxation: objective 1.600000e+01, 200 iterations, 0.00 seconds

    Nodes    |    Current Node    |     Objective Bounds      |     Work
 Expl Unexpl |  Obj  Depth IntInf | Incumbent    BestBd   Gap | It/Node Time

H    0     0                      16.0000000   72.00000   350%     -    0s
     0     0          -    0        16.00000   16.00000  0.00%     -    0s

Explored 0 nodes (735 simplex iterations) in 0.08 seconds
Thread count was 4 (of 4 available processors)

Solution count 2: 16 10 

Optimal solution found (tolerance 1.00e-04)
Best objective 1.600000000000e+01, best bound 1.600000000000e+01, gap 0.0000%
Warning: variable name "x[(3, 1),1]" has a space
Warning: to let Gurobi read it back, use rlp format
Warning: variable name "x[(3, 1),1]" has a space
Warning: constraint name "CSTR1[(3, 1)]" has a space
Warning: to let Gurobi read it back, use rlp format
Warning: variable name "x[(3, 1),1]" has a space
Warning: constraint name "CSTR1[(3, 1)]" has a space
Warning: to let Gurobi read it back, use rlp format
Warning: variable name "x[(3, 1),1]" has a space
Warning: constraint name "CSTR1[(3, 1)]" has a space
Warning: to let Gurobi read it back, use rlp format
Warning: variable name "x[(3, 1),1]" has a space
Warning: constraint name "CSTR1[(3, 1)]" has a space
Warning: to let Gurobi read it back, use rlp format
Warning: variable name "x[(3, 1),1]" has a space
Warning: constraint name "CSTR1[(3, 1)]" has a space
Warning: to let Gurobi read it back, use rlp format
Warning: variable name "x[(3, 1),1]" has a space
Warning: constraint name "CSTR1[(3, 1)]" has a space
Warning: to let Gurobi read it back, use rlp format
Warning: variable name "x[(3, 1),1]" has a space
Warning: constraint name "CSTR1[(3, 1)]" has a space
Warning: to let Gurobi read it back, use rlp format
Warning: variable name "x[(3, 1),1]" has a space
Warning: constraint name "CSTR1[(3, 1)]" has a space
Warning: to let Gurobi read it back, use rlp format
Warning: variable name "x[(3, 1),1]" has a space
Warning: constraint name "CSTR1[(3, 1)]" has a space
Warning: to let Gurobi read it back, use rlp format
Warning: variable name "x[(3, 1),1]" has a space
Warning: constraint name "CSTR1[(3, 1)]" has a space
Warning: to let Gurobi read it back, use rlp format
Optimize a model with 918 rows, 804 columns and 5836 nonzeros
Variable types: 20 continuous, 784 integer (784 binary)
Coefficient statistics:
  Matrix range     [1e+00, 5e+03]
  Objective range  [1e+00, 1e+00]
  Bounds range     [1e+00, 2e+01]
  RHS range        [1e+00, 3e+05]
Found heuristic solution: objective 10.0000000
Presolve removed 4 rows and 2 columns
Presolve time: 0.02s
Presolved: 914 rows, 802 columns, 5124 nonzeros
Variable types: 18 continuous, 784 integer (784 binary)

Root relaxation: objective 1.600000e+01, 200 iterations, 0.01 seconds

    Nodes    |    Current Node    |     Objective Bounds      |     Work
 Expl Unexpl |  Obj  Depth IntInf | Incumbent    BestBd   Gap | It/Node Time

H    0     0                      16.0000000   72.00000   350%     -    0s
     0     0          -    0        16.00000   16.00000  0.00%     -    0s

Explored 0 nodes (735 simplex iterations) in 0.08 seconds
Thread count was 4 (of 4 available processors)

Solution count 2: 16 10 

Optimal solution found (tolerance 1.00e-04)
Best objective 1.600000000000e+01, best bound 1.600000000000e+01, gap 0.0000%

Gurobi 8.1.1 (linux64, Python) logging started Mon Jul 29 17:05:35 2019

Academic license - for non-commercial use only
Warning: variable name "x[(10, 3),1]" has a space
Warning: to let Gurobi read it back, use rlp format
Warning: variable name "x[(10, 3),1]" has a space
Warning: constraint name "CSTR1[(10, 3)]" has a space
Warning: to let Gurobi read it back, use rlp format
Warning: variable name "x[(10, 3),1]" has a space
Warning: constraint name "CSTR1[(10, 3)]" has a space
Warning: to let Gurobi read it back, use rlp format
Warning: variable name "x[(10, 3),1]" has a space
Warning: constraint name "CSTR1[(10, 3)]" has a space
Warning: to let Gurobi read it back, use rlp format
Warning: variable name "x[(10, 3),1]" has a space
Warning: constraint name "CSTR1[(10, 3)]" has a space
Warning: to let Gurobi read it back, use rlp format
Warning: variable name "x[(10, 3),1]" has a space
Warning: constraint name "CSTR1[(10, 3)]" has a space
Warning: to let Gurobi read it back, use rlp format
Warning: variable name "x[(10, 3),1]" has a space
Warning: constraint name "CSTR1[(10, 3)]" has a space
Warning: to let Gurobi read it back, use rlp format
Warning: variable name "x[(10, 3),1]" has a space
Warning: constraint name "CSTR1[(10, 3)]" has a space
Warning: to let Gurobi read it back, use rlp format
Warning: variable name "x[(10, 3),1]" has a space
Warning: constraint name "CSTR1[(10, 3)]" has a space
Warning: to let Gurobi read it back, use rlp format
Warning: variable name "x[(10, 3),1]" has a space
Warning: constraint name "CSTR1[(10, 3)]" has a space
Warning: to let Gurobi read it back, use rlp format
Warning: variable name "x[(10, 3),1]" has a space
Warning: constraint name "CSTR1[(10, 3)]" has a space
Warning: to let Gurobi read it back, use rlp format
Optimize a model with 918 rows, 804 columns and 5804 nonzeros
Variable types: 20 continuous, 784 integer (784 binary)
Coefficient statistics:
  Matrix range     [1e+00, 5e+03]
  Objective range  [1e+00, 1e+00]
  Bounds range     [1e+00, 2e+01]
  RHS range        [1e+00, 3e+05]
Presolve removed 4 rows and 26 columns
Presolve time: 0.02s

Explored 0 nodes (0 simplex iterations) in 0.03 seconds
Thread count was 1 (of 4 available processors)

Solution count 0

Model is infeasible
Best objective -, best bound -, gap -
Warning: variable name "x[(10, 3),1]" has a space
Warning: to let Gurobi read it back, use rlp format
Warning: variable name "x[(10, 3),1]" has a space
Warning: constraint name "CSTR1[(10, 3)]" has a space
Warning: to let Gurobi read it back, use rlp format
Warning: variable name "x[(10, 3),1]" has a space
Warning: constraint name "CSTR1[(10, 3)]" has a space
Warning: to let Gurobi read it back, use rlp format
Warning: variable name "x[(10, 3),1]" has a space
Warning: constraint name "CSTR1[(10, 3)]" has a space
Warning: to let Gurobi read it back, use rlp format
Warning: variable name "x[(10, 3),1]" has a space
Warning: constraint name "CSTR1[(10, 3)]" has a space
Warning: to let Gurobi read it back, use rlp format
Warning: variable name "x[(10, 3),1]" has a space
Warning: constraint name "CSTR1[(10, 3)]" has a space
Warning: to let Gurobi read it back, use rlp format
Warning: variable name "x[(10, 3),1]" has a space
Warning: constraint name "CSTR1[(10, 3)]" has a space
Warning: to let Gurobi read it back, use rlp format
Warning: variable name "x[(10, 3),1]" has a space
Warning: constraint name "CSTR1[(10, 3)]" has a space
Warning: to let Gurobi read it back, use rlp format
Warning: variable name "x[(10, 3),1]" has a space
Warning: constraint name "CSTR1[(10, 3)]" has a space
Warning: to let Gurobi read it back, use rlp format
Warning: variable name "x[(10, 3),1]" has a space
Warning: constraint name "CSTR1[(10, 3)]" has a space
Warning: to let Gurobi read it back, use rlp format
Warning: variable name "x[(10, 3),1]" has a space
Warning: constraint name "CSTR1[(10, 3)]" has a space
Warning: to let Gurobi read it back, use rlp format
Optimize a model with 918 rows, 804 columns and 5836 nonzeros
Variable types: 20 continuous, 784 integer (784 binary)
Coefficient statistics:
  Matrix range     [1e+00, 5e+03]
  Objective range  [1e+00, 1e+00]
  Bounds range     [1e+00, 2e+01]
  RHS range        [1e+00, 3e+05]
Found heuristic solution: objective 8.0000000
Presolve removed 4 rows and 2 columns
Presolve time: 0.02s
Presolved: 914 rows, 802 columns, 5124 nonzeros
Variable types: 18 continuous, 784 integer (784 binary)

Root relaxation: objective 1.600000e+01, 211 iterations, 0.01 seconds

    Nodes    |    Current Node    |     Objective Bounds      |     Work
 Expl Unexpl |  Obj  Depth IntInf | Incumbent    BestBd   Gap | It/Node Time

H    0     0                      16.0000000   72.00000   350%     -    0s
     0     0          -    0        16.00000   16.00000  0.00%     -    0s

Explored 0 nodes (709 simplex iterations) in 0.09 seconds
Thread count was 4 (of 4 available processors)

Solution count 2: 16 8 

Optimal solution found (tolerance 1.00e-04)
Best objective 1.600000000000e+01, best bound 1.600000000000e+01, gap 0.0000%
Warning: variable name "x[(10, 3),1]" has a space
Warning: to let Gurobi read it back, use rlp format
Warning: variable name "x[(10, 3),1]" has a space
Warning: constraint name "CSTR1[(10, 3)]" has a space
Warning: to let Gurobi read it back, use rlp format
Warning: variable name "x[(10, 3),1]" has a space
Warning: constraint name "CSTR1[(10, 3)]" has a space
Warning: to let Gurobi read it back, use rlp format
Warning: variable name "x[(10, 3),1]" has a space
Warning: constraint name "CSTR1[(10, 3)]" has a space
Warning: to let Gurobi read it back, use rlp format
Warning: variable name "x[(10, 3),1]" has a space
Warning: constraint name "CSTR1[(10, 3)]" has a space
Warning: to let Gurobi read it back, use rlp format
Warning: variable name "x[(10, 3),1]" has a space
Warning: constraint name "CSTR1[(10, 3)]" has a space
Warning: to let Gurobi read it back, use rlp format
Warning: variable name "x[(10, 3),1]" has a space
Warning: constraint name "CSTR1[(10, 3)]" has a space
Warning: to let Gurobi read it back, use rlp format
Warning: variable name "x[(10, 3),1]" has a space
Warning: constraint name "CSTR1[(10, 3)]" has a space
Warning: to let Gurobi read it back, use rlp format
Warning: variable name "x[(10, 3),1]" has a space
Warning: constraint name "CSTR1[(10, 3)]" has a space
Warning: to let Gurobi read it back, use rlp format
Warning: variable name "x[(10, 3),1]" has a space
Warning: constraint name "CSTR1[(10, 3)]" has a space
Warning: to let Gurobi read it back, use rlp format
Warning: variable name "x[(10, 3),1]" has a space
Warning: constraint name "CSTR1[(10, 3)]" has a space
Warning: to let Gurobi read it back, use rlp format
Optimize a model with 918 rows, 804 columns and 5836 nonzeros
Variable types: 20 continuous, 784 integer (784 binary)
Coefficient statistics:
  Matrix range     [1e+00, 5e+03]
  Objective range  [1e+00, 1e+00]
  Bounds range     [1e+00, 2e+01]
  RHS range        [1e+00, 3e+05]
Found heuristic solution: objective 8.0000000
Presolve removed 4 rows and 2 columns
Presolve time: 0.02s
Presolved: 914 rows, 802 columns, 5124 nonzeros
Variable types: 18 continuous, 784 integer (784 binary)

Root relaxation: objective 1.600000e+01, 211 iterations, 0.01 seconds

    Nodes    |    Current Node    |     Objective Bounds      |     Work
 Expl Unexpl |  Obj  Depth IntInf | Incumbent    BestBd   Gap | It/Node Time

H    0     0                      16.0000000   72.00000   350%     -    0s
     0     0          -    0        16.00000   16.00000  0.00%     -    0s

Explored 0 nodes (709 simplex iterations) in 0.07 seconds
Thread count was 4 (of 4 available processors)

Solution count 2: 16 8 

Optimal solution found (tolerance 1.00e-04)
Best objective 1.600000000000e+01, best bound 1.600000000000e+01, gap 0.0000%
Warning: variable name "x[(10, 3),1]" has a space
Warning: to let Gurobi read it back, use rlp format
Warning: variable name "x[(10, 3),1]" has a space
Warning: constraint name "CSTR1[(10, 3)]" has a space
Warning: to let Gurobi read it back, use rlp format
Warning: variable name "x[(10, 3),1]" has a space
Warning: constraint name "CSTR1[(10, 3)]" has a space
Warning: to let Gurobi read it back, use rlp format
Warning: variable name "x[(10, 3),1]" has a space
Warning: constraint name "CSTR1[(10, 3)]" has a space
Warning: to let Gurobi read it back, use rlp format
Warning: variable name "x[(10, 3),1]" has a space
Warning: constraint name "CSTR1[(10, 3)]" has a space
Warning: to let Gurobi read it back, use rlp format
Warning: variable name "x[(10, 3),1]" has a space
Warning: constraint name "CSTR1[(10, 3)]" has a space
Warning: to let Gurobi read it back, use rlp format
Warning: variable name "x[(10, 3),1]" has a space
Warning: constraint name "CSTR1[(10, 3)]" has a space
Warning: to let Gurobi read it back, use rlp format
Warning: variable name "x[(10, 3),1]" has a space
Warning: constraint name "CSTR1[(10, 3)]" has a space
Warning: to let Gurobi read it back, use rlp format
Warning: variable name "x[(10, 3),1]" has a space
Warning: constraint name "CSTR1[(10, 3)]" has a space
Warning: to let Gurobi read it back, use rlp format
Warning: variable name "x[(10, 3),1]" has a space
Warning: constraint name "CSTR1[(10, 3)]" has a space
Warning: to let Gurobi read it back, use rlp format
Warning: variable name "x[(10, 3),1]" has a space
Warning: constraint name "CSTR1[(10, 3)]" has a space
Warning: to let Gurobi read it back, use rlp format
Optimize a model with 918 rows, 804 columns and 5836 nonzeros
Variable types: 20 continuous, 784 integer (784 binary)
Coefficient statistics:
  Matrix range     [1e+00, 5e+03]
  Objective range  [1e+00, 1e+00]
  Bounds range     [1e+00, 2e+01]
  RHS range        [1e+00, 3e+04]
Found heuristic solution: objective 8.0000000
Presolve removed 0 rows and 2 columns
Presolve time: 0.01s
Presolved: 918 rows, 802 columns, 5764 nonzeros
Variable types: 18 continuous, 784 integer (784 binary)

Root relaxation: objective 1.600000e+01, 225 iterations, 0.01 seconds

    Nodes    |    Current Node    |     Objective Bounds      |     Work
 Expl Unexpl |  Obj  Depth IntInf | Incumbent    BestBd   Gap | It/Node Time

H    0     0                      16.0000000   72.00000   350%     -    0s
     0     0          -    0        16.00000   16.00000  0.00%     -    0s

Explored 0 nodes (536 simplex iterations) in 0.06 seconds
Thread count was 4 (of 4 available processors)

Solution count 2: 16 8 

Optimal solution found (tolerance 1.00e-04)
Best objective 1.600000000000e+01, best bound 1.600000000000e+01, gap 0.0000%
Warning: variable name "x[(10, 3),1]" has a space
Warning: to let Gurobi read it back, use rlp format
Warning: variable name "x[(10, 3),1]" has a space
Warning: constraint name "CSTR1[(10, 3)]" has a space
Warning: to let Gurobi read it back, use rlp format
Warning: variable name "x[(10, 3),1]" has a space
Warning: constraint name "CSTR1[(10, 3)]" has a space
Warning: to let Gurobi read it back, use rlp format
Warning: variable name "x[(10, 3),1]" has a space
Warning: constraint name "CSTR1[(10, 3)]" has a space
Warning: to let Gurobi read it back, use rlp format
Warning: variable name "x[(10, 3),1]" has a space
Warning: constraint name "CSTR1[(10, 3)]" has a space
Warning: to let Gurobi read it back, use rlp format
Warning: variable name "x[(10, 3),1]" has a space
Warning: constraint name "CSTR1[(10, 3)]" has a space
Warning: to let Gurobi read it back, use rlp format
Warning: variable name "x[(10, 3),1]" has a space
Warning: constraint name "CSTR1[(10, 3)]" has a space
Warning: to let Gurobi read it back, use rlp format
Warning: variable name "x[(10, 3),1]" has a space
Warning: constraint name "CSTR1[(10, 3)]" has a space
Warning: to let Gurobi read it back, use rlp format
Warning: variable name "x[(10, 3),1]" has a space
Warning: constraint name "CSTR1[(10, 3)]" has a space
Warning: to let Gurobi read it back, use rlp format
Warning: variable name "x[(10, 3),1]" has a space
Warning: constraint name "CSTR1[(10, 3)]" has a space
Warning: to let Gurobi read it back, use rlp format
Warning: variable name "x[(10, 3),1]" has a space
Warning: constraint name "CSTR1[(10, 3)]" has a space
Warning: to let Gurobi read it back, use rlp format
Optimize a model with 918 rows, 804 columns and 5836 nonzeros
Variable types: 20 continuous, 784 integer (784 binary)
Coefficient statistics:
  Matrix range     [1e+00, 5e+03]
  Objective range  [1e+00, 1e+00]
  Bounds range     [1e+00, 2e+01]
  RHS range        [1e+00, 3e+05]
Found heuristic solution: objective 8.0000000
Presolve removed 4 rows and 2 columns
Presolve time: 0.01s
Presolved: 914 rows, 802 columns, 5124 nonzeros
Variable types: 18 continuous, 784 integer (784 binary)

Root relaxation: objective 1.600000e+01, 211 iterations, 0.01 seconds

    Nodes    |    Current Node    |     Objective Bounds      |     Work
 Expl Unexpl |  Obj  Depth IntInf | Incumbent    BestBd   Gap | It/Node Time

H    0     0                      16.0000000   72.00000   350%     -    0s
     0     0          -    0        16.00000   16.00000  0.00%     -    0s

Explored 0 nodes (709 simplex iterations) in 0.07 seconds
Thread count was 4 (of 4 available processors)

Solution count 2: 16 8 

Optimal solution found (tolerance 1.00e-04)
Best objective 1.600000000000e+01, best bound 1.600000000000e+01, gap 0.0000%
